2018-10-29 16:01:06.333 [Thread-231] INFO  com.scienjus.smartqq.client.SmartQQApi -
				开始获取二维码
2018-10-29 16:01:06.690 [Thread-231] INFO  com.scienjus.smartqq.client.SmartQQApi -
				二维码已保存在 D:\develop\ppwcustomer\.idea\SmartIM\smartqq.jpg 文件中，请打开手机QQ并扫描二维码
2018-10-29 16:01:06.691 [Thread-231] DEBUG com.scienjus.smartqq.client.SmartQQApi -
				等待扫描二维码
2018-10-29 16:01:07.302 [Thread-232] INFO  com.scienjus.smartqq.client.SmartQQApi -
				开始获取二维码
2018-10-29 16:01:07.361 [Thread-232] INFO  com.scienjus.smartqq.client.SmartQQApi -
				二维码已保存在 D:\develop\ppwcustomer\.idea\SmartIM\smartqq.jpg 文件中，请打开手机QQ并扫描二维码
2018-10-29 16:01:07.361 [Thread-232] DEBUG com.scienjus.smartqq.client.SmartQQApi -
				等待扫描二维码
2018-10-29 16:02:06.796 [Thread-231] ERROR com.scienjus.smartqq.client.SmartQQClient -
				登录失败
java.lang.RuntimeException: 验证二维码超时
	at com.scienjus.smartqq.client.SmartQQApi.verifyQRCode(SmartQQApi.java:188)
	at com.scienjus.smartqq.client.SmartQQApi.login(SmartQQApi.java:109)
	at com.scienjus.smartqq.client.SmartQQClient.login(SmartQQClient.java:191)
	at cn.ieclipse.smartim.actions.LoginAction$1.run(LoginAction.java:31)
2018-10-29 16:02:07.431 [Thread-232] ERROR com.scienjus.smartqq.client.SmartQQClient -
				登录失败
java.lang.RuntimeException: 验证二维码超时
	at com.scienjus.smartqq.client.SmartQQApi.verifyQRCode(SmartQQApi.java:188)
	at com.scienjus.smartqq.client.SmartQQApi.login(SmartQQApi.java:109)
	at com.scienjus.smartqq.client.SmartQQClient.login(SmartQQClient.java:191)
	at cn.ieclipse.smartim.actions.LoginAction$1.run(LoginAction.java:31)
