2018-10-16 09:08:47.161 [Thread-7] INFO  io.github.biezhi.wechat.api.WechatClient -
				[*] 正在获取 uuid ... 
2018-10-16 09:08:47.489 [Thread-7] INFO  io.github.biezhi.wechat.api.WechatClient -
				[*] 正在获取二维码 ... 成功

2018-10-16 09:08:48.591 [Thread-7] INFO  io.github.biezhi.wechat.api.WechatClient -
				[*] 请使用微信扫描二维码以登录 ... 

2018-10-16 09:08:53.195 [Thread-7] INFO  io.github.biezhi.wechat.api.WechatClient -
				[*] 请在手机上点击确认以登录 ... 

2018-10-16 09:08:54.824 [Thread-7] INFO  io.github.biezhi.wechat.api.WechatApi -
				[*] 设置cookie [wxuin=154381280;wxsid=P7MdWy3NJ07aGm4t;wxloadtime=1539652136;mm_lang=zh_CN;webwx_data_ticket=gSdgk3UpV76D8yTkyICYLUsc;webwxuvid=e97fe8e26a061939b97379b7f80ca3995e9394fa1aafcc3f8eee5c08f03fe405d45c33e94bc9e1f1600befbf6897b8cd;webwx_auth_ticket=CIsBEJDX2zEagAGjdqxuXmKzo5AQYSAWPmwDIsOO66hbfrkS/zb94+HCBUDuycM9co1mqMubeCNNFNCEmcOUt4mucr6w2QoMCLbiJ1zAPz9SyJ34PUk0ALNk21T+uHpG4EuBXxXRdlBMrNkbcFPdgteHXOcNkXdDMLlwDewbuPq9hx3ukKMWAzTLuA==;]
2018-10-16 09:08:55.152 [Thread-8] INFO  io.github.biezhi.wechat.api.WechatClient -
				[*] 开启状态通知 ... 
2018-10-16 09:08:55.214 [Thread-8] INFO  io.github.biezhi.wechat.api.WechatClient -
				[*] 获取联系人 ... 
2018-10-16 09:08:56.778 [Thread-8] INFO  io.github.biezhi.wechat.api.WechatClient -
				[*] 应有 [0] 个联系人，读取到联系人 [97] 个

2018-10-16 09:08:56.778 [Thread-8] INFO  io.github.biezhi.wechat.api.WechatClient -
				[*] 共有 [1] 个群 | [97] 个直接联系人 | [31] 个特殊账号 ｜ [29] 个公众号/服务号

2018-10-16 09:08:58.091 [Thread-9] INFO  io.github.biezhi.wechat.api.WechatClient -
				intercept msg : type:51, msg:null
2018-10-16 10:07:10.617 [Thread-9] INFO  io.github.biezhi.wechat.api.WechatClient -
				intercept msg : type:51, msg:null
2018-10-16 10:48:08.376 [Thread-9] INFO  io.github.biezhi.wechat.api.WechatClient -
				intercept msg : type:51, msg:null
2018-10-16 10:48:35.027 [Thread-9] INFO  io.github.biezhi.wechat.api.WechatClient -
				intercept msg : type:51, msg:null
2018-10-16 10:50:24.314 [Thread-9] INFO  io.github.biezhi.wechat.api.WechatClient -
				intercept msg : type:51, msg:null
2018-10-16 11:38:57.241 [Thread-9] INFO  io.github.biezhi.wechat.api.WechatClient -
				intercept msg : type:51, msg:null
2018-10-16 11:39:02.278 [Thread-9] INFO  io.github.biezhi.wechat.api.WechatClient -
				intercept msg : type:51, msg:null
2018-10-16 11:52:27.707 [Thread-9] INFO  io.github.biezhi.wechat.api.WechatClient -
				intercept msg : type:51, msg:null
2018-10-16 11:52:39.895 [Thread-9] INFO  io.github.biezhi.wechat.api.WechatClient -
				intercept msg : type:51, msg:null
2018-10-16 12:01:33.000 [Thread-9] INFO  io.github.biezhi.wechat.api.WechatClient -
				intercept msg : type:51, msg:null
2018-10-16 12:02:52.491 [Thread-9] INFO  io.github.biezhi.wechat.api.WechatClient -
				intercept msg : type:51, msg:null
2018-10-16 12:04:19.361 [Thread-9] INFO  io.github.biezhi.wechat.api.WechatClient -
				intercept msg : type:51, msg:null
2018-10-16 12:04:35.061 [Thread-9] INFO  io.github.biezhi.wechat.api.WechatClient -
				intercept msg : type:51, msg:null
2018-10-16 12:05:07.339 [Thread-9] INFO  io.github.biezhi.wechat.api.WechatClient -
				intercept msg : type:51, msg:null
2018-10-16 13:15:02.210 [Thread-9] INFO  io.github.biezhi.wechat.api.WechatClient -
				intercept msg : type:51, msg:null
2018-10-16 13:15:04.809 [Thread-9] INFO  io.github.biezhi.wechat.api.WechatClient -
				intercept msg : type:51, msg:null
2018-10-16 13:15:15.176 [Thread-9] INFO  io.github.biezhi.wechat.api.WechatClient -
				intercept msg : type:51, msg:null
2018-10-16 13:15:16.588 [Thread-9] INFO  io.github.biezhi.wechat.api.WechatClient -
				intercept msg : type:51, msg:null
2018-10-16 13:43:15.224 [Thread-9] INFO  io.github.biezhi.wechat.api.WechatClient -
				intercept msg : type:51, msg:null
2018-10-16 14:04:05.227 [Thread-9] INFO  io.github.biezhi.wechat.api.WechatClient -
				intercept msg : type:51, msg:null
2018-10-16 14:04:26.092 [Thread-9] INFO  io.github.biezhi.wechat.api.WechatClient -
				intercept msg : type:51, msg:null
2018-10-16 14:23:56.788 [Thread-9] INFO  io.github.biezhi.wechat.api.WechatClient -
				intercept msg : type:51, msg:null
2018-10-16 14:37:35.316 [Thread-9] INFO  io.github.biezhi.wechat.api.WechatClient -
				intercept msg : type:51, msg:null
