2018-10-18 10:56:55.173 [Thread-242] INFO  io.github.biezhi.wechat.api.WechatClient -
				[*] 正在获取 uuid ... 
2018-10-18 10:56:55.526 [Thread-242] INFO  io.github.biezhi.wechat.api.WechatClient -
				[*] 正在获取二维码 ... 成功

2018-10-18 10:56:56.636 [Thread-242] INFO  io.github.biezhi.wechat.api.WechatClient -
				[*] 请使用微信扫描二维码以登录 ... 

2018-10-18 10:57:06.919 [Thread-242] INFO  io.github.biezhi.wechat.api.WechatClient -
				[*] 请在手机上点击确认以登录 ... 

2018-10-18 10:57:11.365 [Thread-242] INFO  io.github.biezhi.wechat.api.WechatApi -
				[*] 设置cookie [wxuin=154381280;wxsid=oAuIhiUCmJIyo93B;wxloadtime=1539831436;mm_lang=zh_CN;webwx_data_ticket=gSckPEDJjozt/56G6ERtsDw4;webwxuvid=e97fe8e26a061939b97379b7f80ca399ffaaa228c9b5e24b1fb3e589889158a66c23c644763f038111c159076a1e1397;webwx_auth_ticket=CIsBELbV34UIGoAB3N6OFm1FeN+do3ARMuknlSLDjuuoW365Ev82/ePhwgXaUyXsnIEgTbLTsaat2tpL0A6CO0nzIprttT5LQspHeGWs+iN18LwLAXHUC45sdgMoR4qdCcWblRUK7BNZXl1mGI8mhsG5JvrzD4D0NFpCAg3sG7j6vYcd7pCjFgM0y7g=;]
2018-10-18 10:57:11.698 [Thread-243] INFO  io.github.biezhi.wechat.api.WechatClient -
				[*] 开启状态通知 ... 
2018-10-18 10:57:11.751 [Thread-243] INFO  io.github.biezhi.wechat.api.WechatClient -
				[*] 获取联系人 ... 
2018-10-18 10:57:13.336 [Thread-243] INFO  io.github.biezhi.wechat.api.WechatClient -
				[*] 应有 [0] 个联系人，读取到联系人 [98] 个

2018-10-18 10:57:13.337 [Thread-243] INFO  io.github.biezhi.wechat.api.WechatClient -
				[*] 共有 [1] 个群 | [98] 个直接联系人 | [31] 个特殊账号 ｜ [29] 个公众号/服务号

2018-10-18 10:57:14.646 [Thread-244] INFO  io.github.biezhi.wechat.api.WechatClient -
				intercept msg : type:51, msg:null
2018-10-18 10:57:41.215 [Thread-244] INFO  io.github.biezhi.wechat.api.WechatClient -
				intercept msg : type:51, msg:null
2018-10-18 10:57:42.890 [Thread-244] INFO  io.github.biezhi.wechat.api.WechatClient -
				intercept msg : type:51, msg:null
2018-10-18 11:12:54.002 [Thread-244] INFO  io.github.biezhi.wechat.api.WechatClient -
				intercept msg : type:51, msg:null
2018-10-18 11:13:05.072 [Thread-244] INFO  io.github.biezhi.wechat.api.WechatClient -
				intercept msg : type:51, msg:null
2018-10-18 11:30:58.279 [Thread-244] INFO  io.github.biezhi.wechat.api.WechatClient -
				intercept msg : type:51, msg:null
2018-10-18 12:21:27.512 [Thread-244] INFO  io.github.biezhi.wechat.api.WechatClient -
				intercept msg : type:51, msg:null
2018-10-18 12:27:08.720 [Thread-244] INFO  io.github.biezhi.wechat.api.WechatClient -
				intercept msg : type:51, msg:null
2018-10-18 13:42:18.844 [Thread-244] INFO  io.github.biezhi.wechat.api.WechatClient -
				intercept msg : type:51, msg:null
2018-10-18 15:35:08.274 [Thread-244] INFO  io.github.biezhi.wechat.api.WechatClient -
				intercept msg : type:51, msg:null
2018-10-18 16:53:10.018 [Thread-244] INFO  io.github.biezhi.wechat.api.WechatClient -
				intercept msg : type:51, msg:null
2018-10-18 17:14:54.766 [Thread-244] INFO  io.github.biezhi.wechat.api.WechatClient -
				intercept msg : type:51, msg:null
2018-10-18 17:23:47.328 [Thread-244] INFO  io.github.biezhi.wechat.api.WechatClient -
				intercept msg : type:51, msg:null
