2018-10-19 08:45:30.773 [Thread-6] INFO  io.github.biezhi.wechat.api.WechatClient -
				[*] 正在获取 uuid ... 
2018-10-19 08:45:31.018 [Thread-6] INFO  io.github.biezhi.wechat.api.WechatClient -
				[*] 正在获取二维码 ... 成功

2018-10-19 08:45:32.108 [Thread-6] INFO  io.github.biezhi.wechat.api.WechatClient -
				[*] 请使用微信扫描二维码以登录 ... 

2018-10-19 08:45:41.597 [Thread-6] INFO  io.github.biezhi.wechat.api.WechatClient -
				[*] 请在手机上点击确认以登录 ... 

2018-10-19 08:45:43.114 [Thread-6] INFO  io.github.biezhi.wechat.api.WechatApi -
				[*] 设置cookie [wxuin=154381280;wxsid=kGNxeKPgi8xckudL;wxloadtime=1539909950;mm_lang=zh_CN;webwx_data_ticket=gScpENk+T8BkRyyVyleTj1LR;webwxuvid=e97fe8e26a061939b97379b7f80ca399a8667d66b20611cee19e1c6b77f8ce3e4efa1a80108de6cbdd5ec59d9f83a77c;webwx_auth_ticket=CIsBEPDZ08EFGoABRF+Bpk0RI+c1jbbUcDfLISLDjuuoW365Ev82/ePhwgWmL7PVV0bsFbkCa7LbTOIAfCm1n3Hu+4i1XpVM3w2LJ5dV4FFLMvk+D3O/kPRY4CvIK1ew/gR9MoTYax58IX7NmdyZY89NI8tu7/OrGNFgBw3sG7j6vYcd7pCjFgM0y7g=;]
2018-10-19 08:45:43.424 [Thread-7] INFO  io.github.biezhi.wechat.api.WechatClient -
				[*] 开启状态通知 ... 
2018-10-19 08:45:43.481 [Thread-7] INFO  io.github.biezhi.wechat.api.WechatClient -
				[*] 获取联系人 ... 
2018-10-19 08:45:45.053 [Thread-7] INFO  io.github.biezhi.wechat.api.WechatClient -
				[*] 应有 [0] 个联系人，读取到联系人 [98] 个

2018-10-19 08:45:45.054 [Thread-7] INFO  io.github.biezhi.wechat.api.WechatClient -
				[*] 共有 [1] 个群 | [98] 个直接联系人 | [31] 个特殊账号 ｜ [30] 个公众号/服务号

2018-10-19 08:45:46.343 [Thread-8] INFO  io.github.biezhi.wechat.api.WechatClient -
				intercept msg : type:51, msg:null
2018-10-19 08:50:08.724 [Thread-8] INFO  io.github.biezhi.wechat.api.WechatClient -
				intercept msg : type:51, msg:null
2018-10-19 09:19:34.065 [Thread-8] INFO  io.github.biezhi.wechat.api.WechatClient -
				intercept msg : type:51, msg:null
2018-10-19 09:51:23.834 [Thread-8] INFO  io.github.biezhi.wechat.api.WechatClient -
				intercept msg : type:51, msg:null
2018-10-19 10:03:22.959 [Thread-8] INFO  io.github.biezhi.wechat.api.WechatClient -
				intercept msg : type:51, msg:null
2018-10-19 11:13:02.674 [Thread-8] INFO  io.github.biezhi.wechat.api.WechatClient -
				intercept msg : type:51, msg:null
2018-10-19 11:33:23.255 [Thread-8] INFO  io.github.biezhi.wechat.api.WechatClient -
				intercept msg : type:51, msg:null
2018-10-19 12:36:59.996 [Thread-8] INFO  io.github.biezhi.wechat.api.WechatClient -
				intercept msg : type:51, msg:null
2018-10-19 12:37:03.853 [Thread-8] INFO  io.github.biezhi.wechat.api.WechatClient -
				intercept msg : type:51, msg:null
2018-10-19 12:37:08.291 [Thread-8] INFO  io.github.biezhi.wechat.api.WechatClient -
				intercept msg : type:51, msg:null
2018-10-19 12:50:13.458 [Thread-8] INFO  io.github.biezhi.wechat.api.WechatClient -
				intercept msg : type:51, msg:null
2018-10-19 12:50:14.573 [Thread-8] INFO  io.github.biezhi.wechat.api.WechatClient -
				intercept msg : type:51, msg:null
2018-10-19 12:57:27.810 [Thread-8] INFO  io.github.biezhi.wechat.api.WechatClient -
				intercept msg : type:51, msg:null
2018-10-19 12:57:37.280 [Thread-8] INFO  io.github.biezhi.wechat.api.WechatClient -
				intercept msg : type:51, msg:null
2018-10-19 12:57:42.560 [Thread-8] INFO  io.github.biezhi.wechat.api.WechatClient -
				intercept msg : type:51, msg:null
2018-10-19 12:58:47.129 [Thread-8] INFO  io.github.biezhi.wechat.api.WechatClient -
				intercept msg : type:51, msg:null
2018-10-19 12:59:06.752 [Thread-8] INFO  io.github.biezhi.wechat.api.WechatClient -
				intercept msg : type:51, msg:null
2018-10-19 12:59:36.556 [Thread-8] INFO  io.github.biezhi.wechat.api.WechatClient -
				intercept msg : type:51, msg:null
2018-10-19 14:12:10.200 [Thread-8] INFO  io.github.biezhi.wechat.api.WechatClient -
				intercept msg : type:51, msg:null
