2018-10-26 13:25:16.101 [Thread-18] INFO  io.github.biezhi.wechat.api.WechatClient -
				[*] 正在获取 uuid ... 
2018-10-26 13:25:16.294 [Thread-18] INFO  io.github.biezhi.wechat.api.WechatClient -
				[*] 正在获取二维码 ... 成功

2018-10-26 13:25:17.389 [Thread-18] INFO  io.github.biezhi.wechat.api.WechatClient -
				[*] 请使用微信扫描二维码以登录 ... 

2018-10-26 13:25:18.371 [Thread-18] INFO  io.github.biezhi.wechat.api.WechatClient -
				[*] 请在手机上点击确认以登录 ... 

2018-10-26 13:25:19.829 [Thread-18] INFO  io.github.biezhi.wechat.api.WechatApi -
				[*] 设置cookie [wxuin=154381280;wxsid=amDFromWyOIyKFpX;wxloadtime=1540531541;mm_lang=zh_CN;webwx_data_ticket=gScUMxvMDQ234tzyAuyq9DbG;webwxuvid=c92ede5d1074291555c1ac1af714a2c4472714fcd397f4a16de09b69103c120a914b96e034b7f98aa2fdc0e8e480da30;webwx_auth_ticket=CIsBEIXTy5oNGoAB2no+LhBZNCvI54DBToZhhBw9yz5PuYcQqfvAZvm5BrjoFMh5e3nrl8fgWNRQZUSwF2GTlGpnvOUL5q43IAqFaqD9PufYyOdMEhKC3XUNfFUopzYL8AfUb0C6OLfAW+cgc6PPfIdCJP0bN384ZjxrNZXmmBoYyJxMiicTWq4u+cw=;]
2018-10-26 13:25:20.137 [Thread-19] INFO  io.github.biezhi.wechat.api.WechatClient -
				[*] 开启状态通知 ... 
2018-10-26 13:25:20.190 [Thread-19] INFO  io.github.biezhi.wechat.api.WechatClient -
				[*] 获取联系人 ... 
2018-10-26 13:25:21.749 [Thread-19] INFO  io.github.biezhi.wechat.api.WechatClient -
				[*] 应有 [0] 个联系人，读取到联系人 [101] 个

2018-10-26 13:25:21.749 [Thread-19] INFO  io.github.biezhi.wechat.api.WechatClient -
				[*] 共有 [1] 个群 | [101] 个直接联系人 | [31] 个特殊账号 ｜ [30] 个公众号/服务号

2018-10-26 13:25:24.248 [Thread-20] INFO  io.github.biezhi.wechat.api.WechatClient -
				intercept msg : type:51, msg:null
2018-10-26 13:25:32.335 [Thread-20] INFO  io.github.biezhi.wechat.api.WechatClient -
				intercept msg : type:51, msg:null
2018-10-26 13:25:34.715 [Thread-20] INFO  io.github.biezhi.wechat.api.WechatClient -
				intercept msg : type:51, msg:null
2018-10-26 13:25:36.974 [Thread-20] INFO  io.github.biezhi.wechat.api.WechatClient -
				intercept msg : type:51, msg:null
2018-10-26 13:26:43.467 [Thread-20] INFO  io.github.biezhi.wechat.api.WechatClient -
				intercept msg : type:51, msg:null
2018-10-26 13:32:16.474 [Thread-20] INFO  io.github.biezhi.wechat.api.WechatClient -
				intercept msg : type:51, msg:null
2018-10-26 13:34:55.487 [Thread-20] INFO  io.github.biezhi.wechat.api.WechatClient -
				intercept msg : type:51, msg:null
2018-10-26 13:42:35.890 [Thread-20] WARN  io.github.biezhi.wechat.api.WechatClient -
				[*] 你在手机上登出了微信

